<?xml version="1.0" encoding="UTF-8"?>
<!-- Generated by org.testng.reporters.JUnitXMLReporter -->
<testsuite ignored="0" hostname="DESKTOP-LQV4VHB" failures="0" tests="2" name="crossbrowser Testing in chrome" time="32.562" errors="0" timestamp="2024-03-11T08:09:36 IST">
  <testcase classname="com.sevenmartsupermarket.tests.LoginTest" name="verifyErrormessage_Whenloginprocessfails" time="1.713"/>
  <testcase classname="com.sevenmartsupermarket.tests.LoginTest" name="verifyLogin" time="2.58"/>
</testsuite> <!-- crossbrowser Testing in chrome -->
