<?xml version="1.0" encoding="UTF-8"?>
<!-- Generated by org.testng.reporters.JUnitXMLReporter -->
<testsuite ignored="0" hostname="DESKTOP-LQV4VHB" failures="0" tests="2" name="crossbrowser Testing in firefox" time="31.856" errors="0" timestamp="2024-03-11T08:09:35 IST">
  <testcase classname="com.sevenmartsupermarket.tests.LoginTest" name="verifyErrormessage_Whenloginprocessfails" time="1.616"/>
  <testcase classname="com.sevenmartsupermarket.tests.LoginTest" name="verifyLogin" time="3.726"/>
</testsuite> <!-- crossbrowser Testing in firefox -->
