<?xml version="1.0" encoding="UTF-8"?>
<!-- Generated by org.testng.reporters.JUnitXMLReporter -->
<testsuite ignored="2" hostname="DESKTOP-LQV4VHB" failures="0" tests="0" time="0.002" errors="0" timestamp="2024-03-12T08:58:01 IST">
  <testcase classname="com.sevenmartsupermarket.tests.ManageLocationTest" name="verifynewlocationdaddedsuccesfully" time="0.0">
    <ignored/>
  </testcase> <!-- verifynewlocationdaddedsuccesfully -->
  <testcase classname="com.sevenmartsupermarket.tests.ManageLocationTest" name="verifyLocationDeletedSuccesfully1" time="0.0">
    <ignored/>
  </testcase> <!-- verifyLocationDeletedSuccesfully1 -->
</testsuite>
