<?xml version="1.0" encoding="UTF-8"?>
<!-- Generated by org.testng.reporters.JUnitXMLReporter -->
<testsuite ignored="1" hostname="DESKTOP-LQV4VHB" failures="0" tests="1" name="Login Testing" time="9.568" errors="0" timestamp="2024-03-12T08:57:30 IST">
  <testcase classname="com.sevenmartsupermarket.tests.LoginTest" name="verifyLogin" time="1.444"/>
  <testcase classname="com.sevenmartsupermarket.tests.LoginTest" name="verifyErrormessage_Whenloginprocessfails" time="0.0">
    <ignored/>
  </testcase> <!-- verifyErrormessage_Whenloginprocessfails -->
</testsuite> <!-- Login Testing -->
