<?xml version="1.0" encoding="UTF-8"?>
<!-- Generated by org.testng.reporters.JUnitXMLReporter -->
<testsuite ignored="1" hostname="DESKTOP-LQV4VHB" failures="0" tests="1" name="PushNotificationTest Testing" time="3.607" errors="0" timestamp="2024-03-12T08:58:01 IST">
  <testcase classname="com.sevenmartsupermarket.tests.PushNotificationTest" name="printExcelData" time="0.115"/>
  <testcase classname="com.sevenmartsupermarket.tests.PushNotificationTest" name="verifypushNotificationMessage" time="0.0">
    <ignored/>
  </testcase> <!-- verifypushNotificationMessage -->
</testsuite> <!-- PushNotificationTest Testing -->
