<?xml version="1.0" encoding="UTF-8"?>
<!-- Generated by org.testng.reporters.JUnitXMLReporter -->
<testsuite ignored="0" hostname="DESKTOP-LQV4VHB" failures="2" tests="8" name="Regression Testing" time="49.49" errors="0" timestamp="2024-03-09T19:15:15 IST">
  <testcase classname="com.sevenmartsupermarket.tests.LoginTest" name="verifyErrormessage_Whenloginprocessfails" time="0.933"/>
  <testcase classname="com.sevenmartsupermarket.tests.LoginTest" name="verifyLogin" time="0.977"/>
  <testcase classname="com.sevenmartsupermarket.tests.ManageDeliveryboyTest" name="VerifyDeliveryboyDetailscreatedSuccesfully" time="3.478"/>
  <testcase classname="com.sevenmartsupermarket.tests.ManageDeliveryboyTest" name="addDeliveryboydetailsfromExcel" time="4.396">
    <failure type="java.lang.NullPointerException" message="Cannot invoke &amp;quot;org.apache.poi.xssf.usermodel.XSSFCell.getCellType()&amp;quot; because &amp;quot;this.cell&amp;quot; is null">
      <![CDATA[java.lang.NullPointerException: Cannot invoke "org.apache.poi.xssf.usermodel.XSSFCell.getCellType()" because "this.cell" is null
at com.sevenmartsupermarket.utilities.Excel.getCellData(Excel.java:35)
at com.sevenmartsupermarket.tests.ManageDeliveryboyTest.addDeliveryboydetailsfromExcel(ManageDeliveryboyTest.java:59)
at java.base/java.util.ArrayList.forEach(ArrayList.java:1511)
... Removed 27 stack frames]]>
    </failure>
  </testcase> <!-- addDeliveryboydetailsfromExcel -->
  <testcase classname="com.sevenmartsupermarket.tests.ManageDeliveryboyTest" name="addFewDeliveryBoyDetails1" time="2.236">
    <failure type="java.lang.NullPointerException" message="Cannot invoke &amp;quot;org.apache.poi.xssf.usermodel.XSSFCell.getCellType()&amp;quot; because &amp;quot;this.cell&amp;quot; is null">
      <![CDATA[java.lang.NullPointerException: Cannot invoke "org.apache.poi.xssf.usermodel.XSSFCell.getCellType()" because "this.cell" is null
at com.sevenmartsupermarket.utilities.Excel.getCellData(Excel.java:35)
at com.sevenmartsupermarket.tests.ManageDeliveryboyTest.addFewDeliveryBoyDetails1(ManageDeliveryboyTest.java:88)
at java.base/java.util.ArrayList.forEach(ArrayList.java:1511)
... Removed 27 stack frames]]>
    </failure>
  </testcase> <!-- addFewDeliveryBoyDetails1 -->
  <testcase classname="com.sevenmartsupermarket.tests.ManageDeliveryboyTest" name="printExcelData" time="0.09"/>
  <testcase classname="com.sevenmartsupermarket.tests.PushNotificationTest" name="printExcelData" time="0.205"/>
  <testcase classname="com.sevenmartsupermarket.tests.PushNotificationTest" name="verifypushNotificationMessage" time="2.544"/>
</testsuite> <!-- Regression Testing -->
