<?xml version="1.0" encoding="UTF-8"?>
<!-- Generated by org.testng.reporters.JUnitXMLReporter -->
<testsuite ignored="0" hostname="DESKTOP-LQV4VHB" failures="0" tests="2" name="Running in firefox" time="20.579" errors="0" timestamp="2024-03-11T08:22:41 IST">
  <testcase classname="com.sevenmartsupermarket.tests.LoginTest" name="verifyErrormessage_Whenloginprocessfails" time="0.626"/>
  <testcase classname="com.sevenmartsupermarket.tests.LoginTest" name="verifyLogin" time="1.175"/>
</testsuite> <!-- Running in firefox -->
