<?xml version="1.0" encoding="UTF-8"?>
<!-- Generated by org.testng.reporters.JUnitXMLReporter -->
<testsuite ignored="0" hostname="DESKTOP-LQV4VHB" failures="0" tests="2" name="Running in  chrome" time="11.089" errors="0" timestamp="2024-03-11T08:22:02 IST">
  <testcase classname="com.sevenmartsupermarket.tests.LoginTest" name="verifyErrormessage_Whenloginprocessfails" time="0.985"/>
  <testcase classname="com.sevenmartsupermarket.tests.LoginTest" name="verifyLogin" time="1.291"/>
</testsuite> <!-- Running in  chrome -->
