<?xml version="1.0" encoding="UTF-8"?>
<!-- Generated by org.testng.reporters.JUnitXMLReporter -->
<testsuite ignored="1" hostname="DESKTOP-LQV4VHB" failures="0" tests="1" name="Default test" time="9.657" errors="0" timestamp="2024-03-14T00:54:50 IST">
  <testcase classname="com.sevenmartsupermarket.tests.ManageLocationTest" name="verifyLocationDeletedSuccesfully1" time="4.083"/>
  <testcase classname="com.sevenmartsupermarket.tests.ManageLocationTest" name="verifynewlocationdaddedsuccesfully" time="0.0">
    <ignored/>
  </testcase> <!-- verifynewlocationdaddedsuccesfully -->
</testsuite> <!-- Default test -->
